<?xml version="1.0" encoding="UTF-8"?>
<testng-results ignored="0" total="4" passed="4" failed="0" skipped="0">
  <reporter-output>
  </reporter-output>
  <suite started-at="2021-04-27T11:14:35Z" name="Testing Google Search with different keywords" finished-at="2021-04-27T11:14:46Z" duration-ms="10515">
    <groups>
    </groups>
    <test started-at="2021-04-27T11:14:35Z" name="Page Object Model using By and TestNG" finished-at="2021-04-27T11:14:46Z" duration-ms="10515">
      <class name="quickstart.Tests.DemoTest">
        <test-method is-config="true" signature="startTestSuite()[pri:0, instance:quickstart.Tests.DemoTest@7ee955a8]" started-at="2021-04-27T16:44:32Z" name="startTestSuite" finished-at="2021-04-27T16:44:35Z" duration-ms="3591" status="PASS">
          <reporter-output>
          </reporter-output>
        </test-method> <!-- startTestSuite -->
        <test-method is-config="true" signature="startTest(java.lang.reflect.Method)[pri:0, instance:quickstart.Tests.DemoTest@7ee955a8]" started-at="2021-04-27T16:44:35Z" name="startTest" finished-at="2021-04-27T16:44:36Z" duration-ms="1014" status="PASS">
          <params>
            <param index="0">
              <value>
                <![CDATA[public void quickstart.Tests.DemoTest.GoogleSearch_Facebook() throws java.io.IOException]]>
              </value>
            </param>
          </params>
          <reporter-output>
          </reporter-output>
        </test-method> <!-- startTest -->
        <test-method signature="GoogleSearch_Facebook()[pri:0, instance:quickstart.Tests.DemoTest@7ee955a8]" started-at="2021-04-27T16:44:36Z" name="GoogleSearch_Facebook" finished-at="2021-04-27T16:44:38Z" duration-ms="1942" status="PASS">
          <reporter-output>
          </reporter-output>
        </test-method> <!-- GoogleSearch_Facebook -->
        <test-method is-config="true" signature="endTest()[pri:0, instance:quickstart.Tests.DemoTest@7ee955a8]" started-at="2021-04-27T16:44:38Z" name="endTest" finished-at="2021-04-27T16:44:38Z" duration-ms="0" status="PASS">
          <reporter-output>
          </reporter-output>
        </test-method> <!-- endTest -->
        <test-method is-config="true" signature="startTest(java.lang.reflect.Method)[pri:0, instance:quickstart.Tests.DemoTest@7ee955a8]" started-at="2021-04-27T16:44:38Z" name="startTest" finished-at="2021-04-27T16:44:39Z" duration-ms="403" status="PASS">
          <params>
            <param index="0">
              <value>
                <![CDATA[public void quickstart.Tests.DemoTest.GoogleSearch_LinkedIn() throws java.io.IOException]]>
              </value>
            </param>
          </params>
          <reporter-output>
          </reporter-output>
        </test-method> <!-- startTest -->
        <test-method signature="GoogleSearch_LinkedIn()[pri:0, instance:quickstart.Tests.DemoTest@7ee955a8]" started-at="2021-04-27T16:44:39Z" name="GoogleSearch_LinkedIn" finished-at="2021-04-27T16:44:41Z" duration-ms="2507" status="PASS">
          <reporter-output>
          </reporter-output>
        </test-method> <!-- GoogleSearch_LinkedIn -->
        <test-method is-config="true" signature="startTest(java.lang.reflect.Method)[pri:0, instance:quickstart.Tests.DemoTest@7ee955a8]" started-at="2021-04-27T16:44:41Z" name="startTest" finished-at="2021-04-27T16:44:41Z" duration-ms="370" status="PASS">
          <params>
            <param index="0">
              <value>
                <![CDATA[public void quickstart.Tests.DemoTest.GoogleSearch_Twitter() throws java.io.IOException]]>
              </value>
            </param>
          </params>
          <reporter-output>
          </reporter-output>
        </test-method> <!-- startTest -->
        <test-method is-config="true" signature="endTest()[pri:0, instance:quickstart.Tests.DemoTest@7ee955a8]" started-at="2021-04-27T16:44:41Z" name="endTest" finished-at="2021-04-27T16:44:41Z" duration-ms="0" status="PASS">
          <reporter-output>
          </reporter-output>
        </test-method> <!-- endTest -->
        <test-method signature="GoogleSearch_Twitter()[pri:0, instance:quickstart.Tests.DemoTest@7ee955a8]" started-at="2021-04-27T16:44:41Z" name="GoogleSearch_Twitter" finished-at="2021-04-27T16:44:43Z" duration-ms="1913" status="PASS">
          <reporter-output>
          </reporter-output>
        </test-method> <!-- GoogleSearch_Twitter -->
        <test-method is-config="true" signature="endTest()[pri:0, instance:quickstart.Tests.DemoTest@7ee955a8]" started-at="2021-04-27T16:44:43Z" name="endTest" finished-at="2021-04-27T16:44:43Z" duration-ms="0" status="PASS">
          <reporter-output>
          </reporter-output>
        </test-method> <!-- endTest -->
        <test-method is-config="true" signature="startTest(java.lang.reflect.Method)[pri:0, instance:quickstart.Tests.DemoTest@7ee955a8]" started-at="2021-04-27T16:44:43Z" name="startTest" finished-at="2021-04-27T16:44:44Z" duration-ms="523" status="PASS">
          <params>
            <param index="0">
              <value>
                <![CDATA[public void quickstart.Tests.DemoTest.GoogleSearch_automationScript() throws java.io.IOException]]>
              </value>
            </param>
          </params>
          <reporter-output>
          </reporter-output>
        </test-method> <!-- startTest -->
        <test-method signature="GoogleSearch_automationScript()[pri:0, instance:quickstart.Tests.DemoTest@7ee955a8]" started-at="2021-04-27T16:44:44Z" name="GoogleSearch_automationScript" finished-at="2021-04-27T16:44:46Z" duration-ms="1824" status="PASS">
          <reporter-output>
          </reporter-output>
        </test-method> <!-- GoogleSearch_automationScript -->
        <test-method is-config="true" signature="endTest()[pri:0, instance:quickstart.Tests.DemoTest@7ee955a8]" started-at="2021-04-27T16:44:46Z" name="endTest" finished-at="2021-04-27T16:44:46Z" duration-ms="1" status="PASS">
          <reporter-output>
          </reporter-output>
        </test-method> <!-- endTest -->
        <test-method is-config="true" signature="endTestSuite()[pri:0, instance:quickstart.Tests.DemoTest@7ee955a8]" started-at="2021-04-27T16:44:46Z" name="endTestSuite" finished-at="2021-04-27T16:44:47Z" duration-ms="1464" status="PASS">
          <reporter-output>
          </reporter-output>
        </test-method> <!-- endTestSuite -->
      </class> <!-- quickstart.Tests.DemoTest -->
    </test> <!-- Page Object Model using By and TestNG -->
  </suite> <!-- Testing Google Search with different keywords -->
</testng-results>
