<?xml version="1.0" encoding="UTF-8"?>
<!-- Generated by org.testng.reporters.JUnitXMLReporter -->
<testsuite ignored="0" hostname="LP-PF1VPELT" failures="0" tests="4" name="Page Object Model using By and TestNG" time="10.515" errors="0" timestamp="27 Apr 2021 11:14:46 GMT">
  <testcase classname="quickstart.Tests.DemoTest" name="GoogleSearch_Facebook" time="1.942"/>
  <testcase classname="quickstart.Tests.DemoTest" name="GoogleSearch_LinkedIn" time="2.507"/>
  <testcase classname="quickstart.Tests.DemoTest" name="GoogleSearch_Twitter" time="1.913"/>
  <testcase classname="quickstart.Tests.DemoTest" name="GoogleSearch_automationScript" time="1.824"/>
</testsuite> <!-- Page Object Model using By and TestNG -->
